<?xml version="1.0" encoding="UTF-8"?>
<!-- Generated by org.testng.reporters.JUnitXMLReporter -->
<testsuite hostname="HDC3-L-6K6R0X2" ignored="0" name="Test" tests="4" failures="0" timestamp="12 Aug 2021 13:40:20 GMT" time="130.503" errors="0">
  <testcase name="loginVerify" time="5.634" classname="com.qa.testCases.LoginTest"/>
  <testcase name="verifyManager" time="0.115" classname="com.qa.testCases.HomePageTest"/>
  <testcase name="createNewCustomerTest" time="3.654" classname="com.qa.testCases.NewCustomerTest"/>
  <testcase name="createNewAccount" time="2.737" classname="com.qa.testCases.NewAccountTest"/>
</testsuite> <!-- Test -->
